#
# A fatal error has been detected by the Java Runtime Environment:
#
#  EXCEPTION_ACCESS_VIOLATION (0xc0000005) at pc=0x6d166ae0, pid=2540, tid=5624
#
# JRE version: 6.0_20-b02
# Java VM: Java HotSpot(TM) Client VM (16.3-b01 mixed mode, sharing windows-x86 )
# Problematic frame:
# C  [awt.dll+0xb6ae0]
#
# If you would like to submit a bug report, please visit:
#   http://java.sun.com/webapps/bugreport/crash.jsp
# The crash happened outside the Java Virtual Machine in native code.
# See problematic frame for where to report the bug.
#

---------------  T H R E A D  ---------------

Current thread (0x016ac000):  JavaThread "AWT-Windows" daemon [_thread_in_native, id=5624, stack(0x03ce0000,0x03d30000)]

siginfo: ExceptionCode=0xc0000005, reading address 0x00000000

Registers:
EAX=0x03d2f524, EBX=0x05df1fc0, ECX=0x00000144, EDX=0x00000180
ESP=0x03d2f50c, EBP=0x03d2f6b8, ESI=0x00000000, EDI=0x00000180
EIP=0x6d166ae0, EFLAGS=0x00010202

Top of Stack: (sp=0x03d2f50c)
0x03d2f50c:   03d2f524 00001000 000004f0 016da2b0
0x03d2f51c:   000002fa 000004f0 016da2b0 6d15ed0b
0x03d2f52c:   00000000 016ceb20 016da2b0 016da2b0
0x03d2f53c:   03d2f51c 03d2f6b8 000002fa 000004f0
0x03d2f54c:   016da2b0 6d1626cf 449e0000 443e8000
0x03d2f55c:   000004f0 000002fa 016ceb0c 6d163191
0x03d2f56c:   6d16362d 000002f6 00000006 000004f0
0x03d2f57c:   000002fa 00009824 016ac110 00000001 

Instructions: (pc=0x6d166ae0)
0x6d166ad0:   05 00 20 00 00 50 c1 e2 05 8d 44 24 14 50 8b fa
0x6d166ae0:   8b 16 57 c1 e1 05 51 56 ff 52 2c 85 c0 0f 8c 93 


Stack: [0x03ce0000,0x03d30000],  sp=0x03d2f50c,  free space=13d03d2f028k
Native frames: (J=compiled Java code, j=interpreted, Vv=VM code, C=native code)
C  [awt.dll+0xb6ae0]
C  [awt.dll+0x9c6ec]
C  [USER32.dll+0x186ef]
C  [USER32.dll+0x18876]
C  [USER32.dll+0x170f4]
C  [USER32.dll+0x1738f]
C  [ntdll.dll+0x460ce]
C  [USER32.dll+0x192a9]

Java frames: (J=compiled Java code, j=interpreted, Vv=VM code)
j  sun.awt.windows.WToolkit.eventLoop()V+0
j  sun.awt.windows.WToolkit.run()V+77
j  java.lang.Thread.run()V+11
v  ~StubRoutines::call_stub

---------------  P R O C E S S  ---------------

Java Threads: ( => current thread )
  0x05f57400 JavaThread "TimerQueue" daemon [_thread_blocked, id=4212, stack(0x06510000,0x06560000)]
  0x05e45800 JavaThread "D3D Screen Updater" daemon [_thread_blocked, id=3320, stack(0x04060000,0x040b0000)]
  0x015f1c00 JavaThread "DestroyJavaVM" [_thread_blocked, id=5832, stack(0x00150000,0x001a0000)]
  0x016ce400 JavaThread "AWT-EventQueue-0" [_thread_in_native, id=2400, stack(0x03d30000,0x03d80000)]
=>0x016ac000 JavaThread "AWT-Windows" daemon [_thread_in_native, id=5624, stack(0x03ce0000,0x03d30000)]
  0x016abc00 JavaThread "AWT-Shutdown" [_thread_blocked, id=4600, stack(0x03c90000,0x03ce0000)]
  0x016ab400 JavaThread "Java2D Disposer" daemon [_thread_blocked, id=5232, stack(0x03c40000,0x03c90000)]
  0x01668800 JavaThread "Low Memory Detector" daemon [_thread_blocked, id=3608, stack(0x039d0000,0x03a20000)]
  0x0165e000 JavaThread "CompilerThread0" daemon [_thread_blocked, id=3952, stack(0x03980000,0x039d0000)]
  0x0165b000 JavaThread "Attach Listener" daemon [_thread_blocked, id=6000, stack(0x03930000,0x03980000)]
  0x0165a000 JavaThread "Signal Dispatcher" daemon [_thread_blocked, id=3612, stack(0x038e0000,0x03930000)]
  0x01612800 JavaThread "Finalizer" daemon [_thread_blocked, id=1684, stack(0x03890000,0x038e0000)]
  0x01611000 JavaThread "Reference Handler" daemon [_thread_blocked, id=696, stack(0x03840000,0x03890000)]

Other Threads:
  0x0160fc00 VMThread [stack: 0x037f0000,0x03840000] [id=3736]
  0x01671c00 WatcherThread [stack: 0x03a20000,0x03a70000] [id=5328]

VM state:not at safepoint (normal execution)

VM Mutex/Monitor currently owned by a thread: None

Heap
 def new generation   total 4928K, used 3804K [0x23a20000, 0x23f70000, 0x28f70000)
  eden space 4416K,  74% used [0x23a20000, 0x23d570d8, 0x23e70000)
  from space 512K, 100% used [0x23e70000, 0x23ef0000, 0x23ef0000)
  to   space 512K,   0% used [0x23ef0000, 0x23ef0000, 0x23f70000)
 tenured generation   total 10944K, used 7321K [0x28f70000, 0x29a20000, 0x33a20000)
   the space 10944K,  66% used [0x28f70000, 0x29696440, 0x29696600, 0x29a20000)
 compacting perm gen  total 12288K, used 3826K [0x33a20000, 0x34620000, 0x37a20000)
   the space 12288K,  31% used [0x33a20000, 0x33ddca40, 0x33ddcc00, 0x34620000)
    ro space 10240K,  54% used [0x37a20000, 0x37f9b760, 0x37f9b800, 0x38420000)
    rw space 12288K,  55% used [0x38420000, 0x38abf798, 0x38abf800, 0x39020000)

Dynamic libraries:
0x00400000 - 0x00424000 	C:\Program Files\Java\jdk1.6.0_20\bin\java.exe
0x77800000 - 0x7793c000 	C:\Windows\SYSTEM32\ntdll.dll
0x75de0000 - 0x75eb4000 	C:\Windows\system32\kernel32.dll
0x75bf0000 - 0x75c3a000 	C:\Windows\system32\KERNELBASE.dll
0x75ce0000 - 0x75d80000 	C:\Windows\system32\ADVAPI32.dll
0x75f00000 - 0x75fac000 	C:\Windows\system32\msvcrt.dll
0x77940000 - 0x77959000 	C:\Windows\SYSTEM32\sechost.dll
0x770c0000 - 0x77161000 	C:\Windows\system32\RPCRT4.dll
0x7c340000 - 0x7c396000 	C:\Program Files\Java\jdk1.6.0_20\jre\bin\msvcr71.dll
0x6d8b0000 - 0x6db47000 	C:\Program Files\Java\jdk1.6.0_20\jre\bin\client\jvm.dll
0x76f60000 - 0x77029000 	C:\Windows\system32\USER32.dll
0x75c90000 - 0x75cde000 	C:\Windows\system32\GDI32.dll
0x77170000 - 0x7717a000 	C:\Windows\system32\LPK.dll
0x77760000 - 0x777fd000 	C:\Windows\system32\USP10.dll
0x748e0000 - 0x74912000 	C:\Windows\system32\WINMM.dll
0x77970000 - 0x7798f000 	C:\Windows\system32\IMM32.DLL
0x774e0000 - 0x775ac000 	C:\Windows\system32\MSCTF.dll
0x758c0000 - 0x7590b000 	C:\Windows\system32\apphelp.dll
0x6d860000 - 0x6d86c000 	C:\Program Files\Java\jdk1.6.0_20\jre\bin\verify.dll
0x6d3e0000 - 0x6d3ff000 	C:\Program Files\Java\jdk1.6.0_20\jre\bin\java.dll
0x6d340000 - 0x6d348000 	C:\Program Files\Java\jdk1.6.0_20\jre\bin\hpi.dll
0x77a20000 - 0x77a25000 	C:\Windows\system32\PSAPI.DLL
0x6d8a0000 - 0x6d8af000 	C:\Program Files\Java\jdk1.6.0_20\jre\bin\zip.dll
0x6d0b0000 - 0x6d1fa000 	C:\Program Files\Java\jdk1.6.0_20\jre\bin\awt.dll
0x70010000 - 0x70061000 	C:\Windows\system32\WINSPOOL.DRV
0x77600000 - 0x7775c000 	C:\Windows\system32\ole32.dll
0x73cc0000 - 0x73e5e000 	C:\Windows\WinSxS\x86_microsoft.windows.common-controls_6595b64144ccf1df_6.0.7600.16661_none_420fe3fa2b8113bd\COMCTL32.dll
0x75d80000 - 0x75dd7000 	C:\Windows\system32\SHLWAPI.dll
0x738c0000 - 0x738d3000 	C:\Windows\system32\DWMAPI.DLL
0x741f0000 - 0x74230000 	C:\Windows\system32\uxtheme.dll
0x10000000 - 0x10005000 	C:\Program Files\Unlocker\UnlockerHook.dll
0x761f0000 - 0x76e39000 	C:\Windows\system32\SHELL32.dll
0x72f60000 - 0x72f6b000 	C:\Program Files\Common Files\Spigot\Search Settings\wth153.dll
0x72b10000 - 0x72b9e000 	C:\Windows\WinSxS\x86_microsoft.vc90.crt_1fc8b3b9a1e18e3b_9.0.30729.4926_none_508ed732bcbc0e5a\MSVCP90.dll
0x6e240000 - 0x6e2e3000 	C:\Windows\WinSxS\x86_microsoft.vc90.crt_1fc8b3b9a1e18e3b_9.0.30729.4926_none_508ed732bcbc0e5a\MSVCR90.dll
0x75910000 - 0x7591c000 	C:\Windows\system32\CRYPTBASE.dll
0x6d2e0000 - 0x6d334000 	C:\Program Files\Java\jdk1.6.0_20\jre\bin\fontmanager.dll
0x647f0000 - 0x649b3000 	C:\Windows\system32\d3d9.dll
0x74da0000 - 0x74da9000 	C:\Windows\system32\VERSION.dll
0x73940000 - 0x73946000 	C:\Windows\system32\d3d8thk.dll
0x63e00000 - 0x64564000 	C:\Windows\system32\nvd3dum.dll
0x74b10000 - 0x74b35000 	C:\Windows\system32\powrprof.dll
0x76040000 - 0x761dd000 	C:\Windows\system32\SETUPAPI.dll
0x75bc0000 - 0x75be7000 	C:\Windows\system32\CFGMGR32.dll
0x75fb0000 - 0x7603f000 	C:\Windows\system32\OLEAUT32.dll
0x75c40000 - 0x75c52000 	C:\Windows\system32\DEVOBJ.dll
0x6d6c0000 - 0x6d6d3000 	C:\Program Files\Java\jdk1.6.0_20\jre\bin\net.dll
0x75ec0000 - 0x75ef5000 	C:\Windows\system32\WS2_32.dll
0x761e0000 - 0x761e6000 	C:\Windows\system32\NSI.dll
0x75400000 - 0x7543c000 	C:\Windows\system32\mswsock.dll
0x753f0000 - 0x753f6000 	C:\Windows\System32\wship6.dll
0x6d6e0000 - 0x6d6e9000 	C:\Program Files\Java\jdk1.6.0_20\jre\bin\nio.dll
0x6d250000 - 0x6d273000 	C:\Program Files\Java\jdk1.6.0_20\jre\bin\dcpr.dll
0x77990000 - 0x77a13000 	C:\Windows\system32\CLBCatQ.DLL
0x75440000 - 0x75456000 	C:\Windows\system32\CRYPTSP.dll
0x751e0000 - 0x7521b000 	C:\Windows\system32\rsaenh.dll
0x74ff0000 - 0x75007000 	C:\Windows\system32\USERENV.dll
0x75990000 - 0x7599b000 	C:\Windows\system32\profapi.dll
0x74350000 - 0x74360000 	C:\Windows\system32\NLAapi.dll
0x752c0000 - 0x75304000 	C:\Windows\system32\DNSAPI.dll
0x72930000 - 0x72938000 	C:\Windows\System32\winrnr.dll
0x72920000 - 0x72930000 	C:\Windows\system32\napinsp.dll
0x72900000 - 0x72912000 	C:\Windows\system32\pnrpnsp.dll
0x728f0000 - 0x728fd000 	C:\Windows\system32\wshbth.dll
0x74f20000 - 0x74f25000 	C:\Windows\System32\wshtcpip.dll
0x71720000 - 0x7173c000 	C:\Windows\system32\IPHLPAPI.DLL
0x71700000 - 0x71707000 	C:\Windows\system32\WINNSI.DLL
0x6fe50000 - 0x6fe56000 	C:\Windows\system32\rasadhlp.dll
0x71800000 - 0x71838000 	C:\Windows\System32\fwpuclnt.dll
0x6c2c0000 - 0x6c322000 	C:\Users\admin\AppData\Local\Temp\libsqlitejdbc-7371849129811775475.lib

VM Arguments:
jvm_args: -Dfile.encoding=windows-1256 
java_command: arihant_ims.Home
Launcher Type: SUN_STANDARD

Environment Variables:
PATH=C:\Program Files\Java\jdk1.6.0_20\bin;c:\program files\java\jdk1.6.0\bin
USERNAME=admin
OS=Windows_NT
PROCESSOR_IDENTIFIER=x86 Family 6 Model 15 Stepping 13, GenuineIntel



---------------  S Y S T E M  ---------------

OS: Windows 7 Build 7600 

CPU:total 2 (2 cores per cpu, 1 threads per core) family 6 model 15 stepping 13, cmov, cx8, fxsr, mmx, sse, sse2, sse3, ssse3

Memory: 4k page, physical 3142620k(1222392k free), swap 6283476k(4153948k free)

vm_info: Java HotSpot(TM) Client VM (16.3-b01) for windows-x86 JRE (1.6.0_20-b02), built on Apr 12 2010 13:52:23 by "java_re" with MS VC++ 7.1 (VS2003)

time: Tue Oct 16 13:13:56 2012
elapsed time: 205 seconds

